<?xml version="1.0" encoding="UTF-8"?>
<!-- Generated by org.testng.reporters.JUnitXMLReporter -->
<testsuite ignored="0" hostname="PhamKhang" failures="0" tests="29" name="suite-test" time="1.349" errors="0" timestamp="2023-08-08T12:52:40 ICT">
  <testcase classname="BoxDaoTest" name="TestInsert" time="0.34"/>
  <testcase classname="BoxDaoTest" name="TestGet" time="0.053"/>
  <testcase classname="BoxDaoTest" name="TestUpdate" time="0.032"/>
  <testcase classname="BoxDaoTest" name="TestDelete" time="0.081"/>
  <testcase classname="ComboDaoTest" name="TestInsertSuccessfuly" time="0.022"/>
  <testcase classname="ComboDaoTest" name="TestInsertFalure" time="0.028"/>
  <testcase classname="ComboDaoTest" name="TestGet" time="0.026"/>
  <testcase classname="ComboDaoTest" name="TestUpdate" time="0.042"/>
  <testcase classname="ComboDaoTest" name="TestDelete" time="0.036"/>
  <testcase classname="HoaDonDaoTest" name="TestInsert" time="0.052"/>
  <testcase classname="KhuyenMaiDaoTest" name="TestInsertSuccessfuly" time="0.022"/>
  <testcase classname="KhuyenMaiDaoTest" name="TestInsertFailure" time="0.018"/>
  <testcase classname="KhuyenMaiDaoTest" name="TestGet" time="0.021"/>
  <testcase classname="KhuyenMaiDaoTest" name="TestGetEqua" time="0.019"/>
  <testcase classname="KhuyenMaiDaoTest" name="TestUpdate" time="0.037"/>
  <testcase classname="KhuyenMaiDaoTest" name="TestDelete" time="0.038"/>
  <testcase classname="NhanVienDaoTest" name="TestInsertSuccessfuly" time="0.017"/>
  <testcase classname="NhanVienDaoTest" name="TestInsertFailure" time="0.016"/>
  <testcase classname="NhanVienDaoTest" name="TestGet" time="0.024"/>
  <testcase classname="NhanVienDaoTest" name="TestGetEqua" time="0.018"/>
  <testcase classname="NhanVienDaoTest" name="TestLogin" time="0.017"/>
  <testcase classname="NhanVienDaoTest" name="TestUpdate" time="0.038"/>
  <testcase classname="NhanVienDaoTest" name="TestDelete" time="0.033"/>
  <testcase classname="SanPhamDaoTest" name="TestInsertSuccessfuly" time="0.017"/>
  <testcase classname="SanPhamDaoTest" name="TestInsertFailure" time="0.014"/>
  <testcase classname="SanPhamDaoTest" name="TestGet" time="0.022"/>
  <testcase classname="SanPhamDaoTest" name="TestGetEqua" time="0.017"/>
  <testcase classname="SanPhamDaoTest" name="TestUpdate" time="0.029"/>
  <testcase classname="SanPhamDaoTest" name="TestDelete" time="0.026"/>
</testsuite> <!-- suite-test -->
